#
# A fatal error has been detected by the Java Runtime Environment:
#
#  EXCEPTION_ACCESS_VIOLATION (0xc0000005) at pc=0x0000001500000010, pid=15300, tid=7800
#
# JRE version: OpenJDK Runtime Environment (21.0.2+13) (build 21.0.2+13-58)
# Java VM: OpenJDK 64-Bit Server VM (21.0.2+13-58, mixed mode, sharing, tiered, compressed oops, compressed class ptrs, g1 gc, windows-amd64)
# Problematic frame:
# C  [jdwp.dll+0x161bf]
#
# No core dump will be written. Minidumps are not enabled by default on client versions of Windows
#
# If you would like to submit a bug report, please visit:
#   https://bugreport.java.com/bugreport/crash.jsp
# The crash happened outside the Java Virtual Machine in native code.
# See problematic frame for where to report the bug.
#

---------------  S U M M A R Y ------------

Command Line: -Ddebugger.agent.enable.coroutines=true -Dkotlinx.coroutines.debug.enable.creation.stack.trace=false -agentlib:jdwp=transport=dt_socket,server=n,suspend=y,address=127.0.0.1:52641 -javaagent:C:\Users\Admin\AppData\Local\JetBrains\IntelliJIdea2024.2\captureAgent\debugger-agent.jar -Dfile.encoding=UTF-8 -Duser.country=GB -Duser.language=en -Duser.variant -ea Main java.library.path=libs

Host: Intel(R) Core(TM) i5-4300M CPU @ 2.60GHz, 4 cores, 7G,  Windows 10 , 64 bit Build 19041 (10.0.19041.4957)
Time: Mon Oct 21 14:01:31 2024 W. Europe Summer Time elapsed time: 1.900252 seconds (0d 0h 0m 1s)

---------------  T H R E A D  ---------------

Current thread (0x000001b6673661c0):  JavaThread "main"             [_thread_in_native, id=7800, stack(0x000000647f800000,0x000000647f900000) (1024K)]

Stack: [0x000000647f800000,0x000000647f900000],  sp=0x000000647f8feb80,  free space=1018k
Native frames: (J=compiled Java code, j=interpreted, Vv=VM code, C=native code)
C  0x0000001500000010

Java frames: (J=compiled Java code, j=interpreted, Vv=VM code)
j  org.lwjgl.opengl.GL11.glEnable(I)V+1
j  pixel_pioneer.Window.init()V+259
j  pixel_pioneer.Window.run()V+15
j  Main.main([Ljava/lang/String;)V+5
v  ~StubRoutines::call_stub 0x000001b60753100d

siginfo: EXCEPTION_ACCESS_VIOLATION (0xc0000005), data execution prevention violation at address 0x0000001500000010


Registers:
RAX=0x000001b67b6f3c20, RBX=0x000001b66737a0f0, RCX=0x000001b667366578, RDX=0x000001b66737a0f0
RSP=0x000000647f8feb78, RBP=0x0000000000000002, RSI=0x000000647f8fec20, RDI=0x000001b667366578
R8 =0x0000000000010002, R9 =0x0000000000000000, R10=0x00007ffeff2f0000, R11=0x000000647f8feb48
R12=0x0000000000000007, R13=0x000001b66737a0f0, R14=0x00007ffeff230400, R15=0x0000000000000000
RIP=0x0000001500000010, EFLAGS=0x0000000000010202


Register to memory mapping:

RAX=0x000001b67b6f3c20 points into unknown readable memory: 0x0000000000000000 | 00 00 00 00 00 00 00 00
RBX=0x000001b66737a0f0 points into unknown readable memory: 0x000000008bb847c0 | c0 47 b8 8b 00 00 00 00
RCX=0x000001b667366578 points into unknown readable memory: 0x000001b67b6f3c20 | 20 3c 6f 7b b6 01 00 00
RDX=0x000001b66737a0f0 points into unknown readable memory: 0x000000008bb847c0 | c0 47 b8 8b 00 00 00 00
RSP=0x000000647f8feb78 is pointing into the stack for thread: 0x000001b6673661c0
RBP=0x0000000000000002 is an unknown value
RSI=0x000000647f8fec20 is pointing into the stack for thread: 0x000001b6673661c0
RDI=0x000001b667366578 points into unknown readable memory: 0x000001b67b6f3c20 | 20 3c 6f 7b b6 01 00 00
R8 =0x0000000000010002 is an unknown value
R9 =0x0 is null
R10=0x00007ffeff2f0000 VCRUNTIME140.dll
R11=0x000000647f8feb48 is pointing into the stack for thread: 0x000001b6673661c0
R12=0x0000000000000007 is an unknown value
R13=0x000001b66737a0f0 points into unknown readable memory: 0x000000008bb847c0 | c0 47 b8 8b 00 00 00 00
R14=0x00007ffeff230400 jdwp.dll
R15=0x0 is null

Top of Stack: (sp=0x000000647f8feb78)
0x000000647f8feb78:   00007ffeff2161bf 000001b66737a0f0
0x000000647f8feb88:   000000647f8fec20 0000000000000000
0x000000647f8feb98:   0000000000000000 0000000200000007
0x000000647f8feba8:   000001b67636f650 000001b667353460
0x000000647f8febb8:   00007ffeff230428 000001b667366798
0x000000647f8febc8:   00007ffeff21283f 000001b66737a0f0
0x000000647f8febd8:   0000000000000002 000001b667366578
0x000000647f8febe8:   000001b66737a0f8 000000647f8fede0
0x000000647f8febf8:   000001b67b23bfe8 000000057b0d0100
0x000000647f8fec08:   000001b610030400 0000000000000000
0x000000647f8fec18:   00007ffe9ae8eff0 0000000000000007
0x000000647f8fec28:   000001b66737a0f0 0000000000000000
0x000000647f8fec38:   000001b66737a0f8 0000000000000000
0x000000647f8fec48:   0000000000000000 0000000000000000
0x000000647f8fec58:   0000000000000000 0000000000000000
0x000000647f8fec68:   0000000000000000 0000000000000000
0x000000647f8fec78:   000001b667366798 000001b610030400
0x000000647f8fec88:   00007ffe9ace89e7 000001b66737a0f8
0x000000647f8fec98:   000001b6765e03b0 000001b6673661c0
0x000000647f8feca8:   00000000000003d8 000088a1ff95d93b
0x000000647f8fecb8:   000001b6674623b0 0000000000000000
0x000000647f8fecc8:   000001b6673661c0 0000000000000000
0x000000647f8fecd8:   000000647f8fede0 000001b610030400
0x000000647f8fece8:   000001b67759ea39 000001b667356cd0
0x000000647f8fecf8:   000001b667366830 000001b667366840
0x000000647f8fed08:   000001b667366c18 00000000000003d8
0x000000647f8fed18:   000001b6673661c0 000001b6673661c0
0x000000647f8fed28:   000001b667356fd0 000001b667352040
0x000000647f8fed38:   000001b667352060 000001b667352128
0x000000647f8fed48:   00000000000000d8 000000647f8fed60
0x000000647f8fed58:   00007ffe9a9ed761 000001b6673661c0
0x000000647f8fed68:   000001b667356fd0 000001b667352040 

Instructions: (pc=0x00007ffeff2161bf)
0x00007ffeff2160bf:   2c 41 b8 61 02 00 00 48 8d 0d cb 6e 01 00 48 8b
0x00007ffeff2160cf:   d3 e8 83 50 00 00 41 8b cc e8 33 a0 ff ff 48 8b
0x00007ffeff2160df:   d0 48 8d 0d 89 a4 01 00 e8 14 51 00 00 4c 8b 4e
0x00007ffeff2160ef:   28 48 8d 0d 91 a4 01 00 4c 8b 46 20 48 8b 56 08
0x00007ffeff2160ff:   e8 50 0d 01 00 48 8b 05 f5 0f 02 00 f6 80 10 02
0x00007ffeff21610f:   00 00 02 74 28 41 b8 6a 02 00 00 48 8d 0d e3 62
0x00007ffeff21611f:   01 00 48 8b d3 e8 2f 50 00 00 48 8d 15 c8 63 01
0x00007ffeff21612f:   00 48 8d 0d e1 62 01 00 e8 c4 50 00 00 48 8b 07
0x00007ffeff21613f:   48 8b cf ff 50 78 48 8b 0d b4 0f 02 00 4c 8b f8
0x00007ffeff21614f:   f6 81 10 02 00 00 02 74 28 41 b8 6b 02 00 00 48
0x00007ffeff21615f:   8d 0d 9f 62 01 00 48 8b d3 e8 eb 4f 00 00 48 8d
0x00007ffeff21616f:   15 bc 63 01 00 48 8d 0d 9d 62 01 00 e8 80 50 00
0x00007ffeff21617f:   00 48 8b 07 48 8b cf ff 90 88 00 00 00 83 3d 29
0x00007ffeff21618f:   0b 02 00 00 76 0c e8 ce 5b ff ff 83 25 1b 0b 02
0x00007ffeff21619f:   00 00 48 8b 5e 08 48 85 db 74 4b 48 8b 05 4f 0f
0x00007ffeff2161af:   02 00 80 78 13 00 74 0b 48 8b cb e8 f9 06 01 00
0x00007ffeff2161bf:   88 46 10 4d 8b c7 48 8b d6 41 8a ce e8 0c a1 00
0x00007ffeff2161cf:   00 48 8b e8 48 85 c0 75 25 48 8b cb e8 c4 44 00
0x00007ffeff2161df:   00 84 c0 0f 84 ea 00 00 00 48 8b d3 41 8a ce e8
0x00007ffeff2161ef:   ad 13 00 00 eb e3 e8 0e 0e 00 00 48 8b e8 4c 8b
0x00007ffeff2161ff:   cd 44 88 74 24 20 45 8b c4 48 8b d6 48 8b cf e8
0x00007ffeff21620f:   e1 00 00 00 83 3e 14 75 0b 48 8b 05 e1 0e 02 00
0x00007ffeff21621f:   c6 40 10 01 48 85 db 75 08 48 8b cd e8 0c 53 ff
0x00007ffeff21622f:   ff 48 8b 05 c9 0e 02 00 4d 85 ff 74 43 f6 80 10
0x00007ffeff21623f:   02 00 00 02 74 2c 41 b8 b3 02 00 00 48 8d 15 d6
0x00007ffeff21624f:   a1 01 00 48 8d 0d ab 61 01 00 e8 fa 4e 00 00 48
0x00007ffeff21625f:   8d 15 1b 7d 01 00 48 8d 0d ac 61 01 00 e8 8f 4f
0x00007ffeff21626f:   00 00 48 8b 07 49 8b d7 48 8b cf ff 50 68 eb 41
0x00007ffeff21627f:   f6 80 10 02 00 00 02 74 2c 41 b8 b5 02 00 00 48
0x00007ffeff21628f:   8d 15 93 a1 01 00 48 8d 0d 68 61 01 00 e8 b7 4e
0x00007ffeff21629f:   00 00 48 8d 15 88 62 01 00 48 8d 0d 69 61 01 00
0x00007ffeff2162af:   e8 4c 4f 00 00 48 8b 07 48 8b cf ff 90 88 00 00 


Stack slot to memory mapping:

stack at sp + 0 slots: 0x000001b66737a0f0 points into unknown readable memory: 0x000000008bb847c0 | c0 47 b8 8b 00 00 00 00
stack at sp + 1 slots: 0x000000647f8fec20 is pointing into the stack for thread: 0x000001b6673661c0
stack at sp + 2 slots: 0x0 is null
stack at sp + 3 slots: 0x0 is null
stack at sp + 4 slots: 0x0000000200000007 is an unknown value
stack at sp + 5 slots: 0x000001b67636f650 points into unknown readable memory: 0x000001b607ad0010 | 10 00 ad 07 b6 01 00 00
stack at sp + 6 slots: 0x000001b667353460 points into unknown readable memory: 0x8000001200000001 | 01 00 00 00 12 00 00 80
stack at sp + 7 slots: 0x00007ffeff230428 jdwp.dll


---------------  P R O C E S S  ---------------

Threads class SMR info:
_java_thread_list=0x000001b67b610c30, length=14, elements={
0x000001b6673661c0, 0x000001b676371c70, 0x000001b6763739a0, 0x000001b676377740,
0x000001b6763781a0, 0x000001b67637b3b0, 0x000001b67637c5b0, 0x000001b676385610,
0x000001b67638a4d0, 0x000001b6765b18e0, 0x000001b67665c0b0, 0x000001b67665c730,
0x000001b676693b90, 0x000001b6767c8a00
}

Java Threads: ( => current thread )
=>0x000001b6673661c0 JavaThread "main"                              [_thread_in_native, id=7800, stack(0x000000647f800000,0x000000647f900000) (1024K)]
  0x000001b676371c70 JavaThread "Reference Handler"          daemon [_thread_blocked, id=7140, stack(0x0000006400000000,0x0000006400100000) (1024K)]
  0x000001b6763739a0 JavaThread "Finalizer"                  daemon [_thread_blocked, id=17292, stack(0x0000006400100000,0x0000006400200000) (1024K)]
  0x000001b676377740 JavaThread "Signal Dispatcher"          daemon [_thread_blocked, id=6812, stack(0x0000006400200000,0x0000006400300000) (1024K)]
  0x000001b6763781a0 JavaThread "Attach Listener"            daemon [_thread_blocked, id=7528, stack(0x0000006400300000,0x0000006400400000) (1024K)]
  0x000001b67637b3b0 JavaThread "Service Thread"             daemon [_thread_blocked, id=10300, stack(0x0000006400400000,0x0000006400500000) (1024K)]
  0x000001b67637c5b0 JavaThread "Monitor Deflation Thread"   daemon [_thread_blocked, id=14868, stack(0x0000006400500000,0x0000006400600000) (1024K)]
  0x000001b676385610 JavaThread "C2 CompilerThread0"         daemon [_thread_blocked, id=12080, stack(0x0000006400600000,0x0000006400700000) (1024K)]
  0x000001b67638a4d0 JavaThread "C1 CompilerThread0"         daemon [_thread_blocked, id=5872, stack(0x0000006400700000,0x0000006400800000) (1024K)]
  0x000001b6765b18e0 JavaThread "Common-Cleaner"             daemon [_thread_blocked, id=16768, stack(0x0000006400800000,0x0000006400900000) (1024K)]
  0x000001b67665c0b0 JavaThread "JDWP Transport Listener: dt_socket" daemon [_thread_blocked, id=18264, stack(0x0000006400900000,0x0000006400a00000) (1024K)]
  0x000001b67665c730 JavaThread "JDWP Event Helper Thread"   daemon [_thread_blocked, id=1572, stack(0x0000006400a00000,0x0000006400b00000) (1024K)]
  0x000001b676693b90 JavaThread "JDWP Command Reader"        daemon [_thread_in_native, id=17680, stack(0x0000006400b00000,0x0000006400c00000) (1024K)]
  0x000001b6767c8a00 JavaThread "Notification Thread"        daemon [_thread_blocked, id=15828, stack(0x0000006400c00000,0x0000006400d00000) (1024K)]
Total: 14

Other Threads:
  0x000001b676352d80 VMThread "VM Thread"                           [id=10392, stack(0x000000647ff00000,0x0000006480000000) (1024K)]
  0x000001b676337390 WatcherThread "VM Periodic Task Thread"        [id=6412, stack(0x000000647fe00000,0x000000647ff00000) (1024K)]
  0x000001b6674ba4f0 WorkerThread "GC Thread#0"                     [id=15452, stack(0x000000647f900000,0x000000647fa00000) (1024K)]
  0x000001b67b156c50 WorkerThread "GC Thread#1"                     [id=12528, stack(0x0000006401800000,0x0000006401900000) (1024K)]
  0x000001b67b738540 WorkerThread "GC Thread#2"                     [id=3128, stack(0x0000006401900000,0x0000006401a00000) (1024K)]
  0x000001b67b7388e0 WorkerThread "GC Thread#3"                     [id=9376, stack(0x0000006401a00000,0x0000006401b00000) (1024K)]
  0x000001b6674cabd0 ConcurrentGCThread "G1 Main Marker"            [id=8600, stack(0x000000647fa00000,0x000000647fb00000) (1024K)]
  0x000001b6674cbd80 WorkerThread "G1 Conc#0"                       [id=2216, stack(0x000000647fb00000,0x000000647fc00000) (1024K)]
  0x000001b6762120b0 ConcurrentGCThread "G1 Refine#0"               [id=8088, stack(0x000000647fc00000,0x000000647fd00000) (1024K)]
  0x000001b676212b30 ConcurrentGCThread "G1 Service"                [id=13920, stack(0x000000647fd00000,0x000000647fe00000) (1024K)]
Total: 10

Threads with active compile tasks:
Total: 0

VM state: not at safepoint (normal execution)

VM Mutex/Monitor currently owned by a thread: None

Heap address: 0x0000000084e00000, size: 1970 MB, Compressed Oops mode: 32-bit

CDS archive(s) mapped at: [0x000001b60f000000-0x000001b60fc90000-0x000001b60fc90000), size 13172736, SharedBaseAddress: 0x000001b60f000000, ArchiveRelocationMode: 1.
Compressed class space mapped at: 0x000001b610000000-0x000001b650000000, reserved size: 1073741824
Narrow klass base: 0x000001b60f000000, Narrow klass shift: 0, Narrow klass range: 0x100000000

GC Precious Log:
 CardTable entry size: 512
 Card Set container configuration: InlinePtr #cards 5 size 8 Array Of Cards #cards 12 size 40 Howl #buckets 4 coarsen threshold 1843 Howl Bitmap #cards 512 size 80 coarsen threshold 460 Card regions per heap region 1 cards per card region 2048
 CPUs: 4 total, 4 available
 Memory: 7876M
 Large Page Support: Disabled
 NUMA Support: Disabled
 Compressed Oops: Enabled (32-bit)
 Heap Region Size: 1M
 Heap Min Capacity: 8M
 Heap Initial Capacity: 124M
 Heap Max Capacity: 1970M
 Pre-touch: Disabled
 Parallel Workers: 4
 Concurrent Workers: 1
 Concurrent Refinement Workers: 4
 Periodic GC: Disabled

Heap:
 garbage-first heap   total 126976K, used 7600K [0x0000000084e00000, 0x0000000100000000)
  region size 1024K, 9 young (9216K), 2 survivors (2048K)
 Metaspace       used 5429K, committed 5696K, reserved 1114112K
  class space    used 277K, committed 384K, reserved 1048576K

Heap Regions: E=young(eden), S=young(survivor), O=old, HS=humongous(starts), HC=humongous(continues), CS=collection set, F=free, TAMS=top-at-mark-start, PB=parsable bottom
|   0|0x0000000084e00000, 0x0000000084e6c000, 0x0000000084f00000| 42%| O|  |TAMS 0x0000000084e00000| PB 0x0000000084e00000| Untracked 
|   1|0x0000000084f00000, 0x0000000084f00000, 0x0000000085000000|  0%| F|  |TAMS 0x0000000084f00000| PB 0x0000000084f00000| Untracked 
|   2|0x0000000085000000, 0x0000000085000000, 0x0000000085100000|  0%| F|  |TAMS 0x0000000085000000| PB 0x0000000085000000| Untracked 
|   3|0x0000000085100000, 0x0000000085100000, 0x0000000085200000|  0%| F|  |TAMS 0x0000000085100000| PB 0x0000000085100000| Untracked 
|   4|0x0000000085200000, 0x0000000085200000, 0x0000000085300000|  0%| F|  |TAMS 0x0000000085200000| PB 0x0000000085200000| Untracked 
|   5|0x0000000085300000, 0x0000000085300000, 0x0000000085400000|  0%| F|  |TAMS 0x0000000085300000| PB 0x0000000085300000| Untracked 
|   6|0x0000000085400000, 0x0000000085400000, 0x0000000085500000|  0%| F|  |TAMS 0x0000000085400000| PB 0x0000000085400000| Untracked 
|   7|0x0000000085500000, 0x0000000085500000, 0x0000000085600000|  0%| F|  |TAMS 0x0000000085500000| PB 0x0000000085500000| Untracked 
|   8|0x0000000085600000, 0x0000000085600000, 0x0000000085700000|  0%| F|  |TAMS 0x0000000085600000| PB 0x0000000085600000| Untracked 
|   9|0x0000000085700000, 0x0000000085700000, 0x0000000085800000|  0%| F|  |TAMS 0x0000000085700000| PB 0x0000000085700000| Untracked 
|  10|0x0000000085800000, 0x0000000085800000, 0x0000000085900000|  0%| F|  |TAMS 0x0000000085800000| PB 0x0000000085800000| Untracked 
|  11|0x0000000085900000, 0x0000000085900000, 0x0000000085a00000|  0%| F|  |TAMS 0x0000000085900000| PB 0x0000000085900000| Untracked 
|  12|0x0000000085a00000, 0x0000000085a00000, 0x0000000085b00000|  0%| F|  |TAMS 0x0000000085a00000| PB 0x0000000085a00000| Untracked 
|  13|0x0000000085b00000, 0x0000000085b00000, 0x0000000085c00000|  0%| F|  |TAMS 0x0000000085b00000| PB 0x0000000085b00000| Untracked 
|  14|0x0000000085c00000, 0x0000000085c00000, 0x0000000085d00000|  0%| F|  |TAMS 0x0000000085c00000| PB 0x0000000085c00000| Untracked 
|  15|0x0000000085d00000, 0x0000000085d00000, 0x0000000085e00000|  0%| F|  |TAMS 0x0000000085d00000| PB 0x0000000085d00000| Untracked 
|  16|0x0000000085e00000, 0x0000000085e00000, 0x0000000085f00000|  0%| F|  |TAMS 0x0000000085e00000| PB 0x0000000085e00000| Untracked 
|  17|0x0000000085f00000, 0x0000000085f00000, 0x0000000086000000|  0%| F|  |TAMS 0x0000000085f00000| PB 0x0000000085f00000| Untracked 
|  18|0x0000000086000000, 0x0000000086000000, 0x0000000086100000|  0%| F|  |TAMS 0x0000000086000000| PB 0x0000000086000000| Untracked 
|  19|0x0000000086100000, 0x0000000086100000, 0x0000000086200000|  0%| F|  |TAMS 0x0000000086100000| PB 0x0000000086100000| Untracked 
|  20|0x0000000086200000, 0x0000000086200000, 0x0000000086300000|  0%| F|  |TAMS 0x0000000086200000| PB 0x0000000086200000| Untracked 
|  21|0x0000000086300000, 0x0000000086300000, 0x0000000086400000|  0%| F|  |TAMS 0x0000000086300000| PB 0x0000000086300000| Untracked 
|  22|0x0000000086400000, 0x0000000086400000, 0x0000000086500000|  0%| F|  |TAMS 0x0000000086400000| PB 0x0000000086400000| Untracked 
|  23|0x0000000086500000, 0x0000000086500000, 0x0000000086600000|  0%| F|  |TAMS 0x0000000086500000| PB 0x0000000086500000| Untracked 
|  24|0x0000000086600000, 0x0000000086600000, 0x0000000086700000|  0%| F|  |TAMS 0x0000000086600000| PB 0x0000000086600000| Untracked 
|  25|0x0000000086700000, 0x0000000086700000, 0x0000000086800000|  0%| F|  |TAMS 0x0000000086700000| PB 0x0000000086700000| Untracked 
|  26|0x0000000086800000, 0x0000000086800000, 0x0000000086900000|  0%| F|  |TAMS 0x0000000086800000| PB 0x0000000086800000| Untracked 
|  27|0x0000000086900000, 0x0000000086900000, 0x0000000086a00000|  0%| F|  |TAMS 0x0000000086900000| PB 0x0000000086900000| Untracked 
|  28|0x0000000086a00000, 0x0000000086a00000, 0x0000000086b00000|  0%| F|  |TAMS 0x0000000086a00000| PB 0x0000000086a00000| Untracked 
|  29|0x0000000086b00000, 0x0000000086b00000, 0x0000000086c00000|  0%| F|  |TAMS 0x0000000086b00000| PB 0x0000000086b00000| Untracked 
|  30|0x0000000086c00000, 0x0000000086c00000, 0x0000000086d00000|  0%| F|  |TAMS 0x0000000086c00000| PB 0x0000000086c00000| Untracked 
|  31|0x0000000086d00000, 0x0000000086d00000, 0x0000000086e00000|  0%| F|  |TAMS 0x0000000086d00000| PB 0x0000000086d00000| Untracked 
|  32|0x0000000086e00000, 0x0000000086e00000, 0x0000000086f00000|  0%| F|  |TAMS 0x0000000086e00000| PB 0x0000000086e00000| Untracked 
|  33|0x0000000086f00000, 0x0000000086f00000, 0x0000000087000000|  0%| F|  |TAMS 0x0000000086f00000| PB 0x0000000086f00000| Untracked 
|  34|0x0000000087000000, 0x0000000087000000, 0x0000000087100000|  0%| F|  |TAMS 0x0000000087000000| PB 0x0000000087000000| Untracked 
|  35|0x0000000087100000, 0x0000000087100000, 0x0000000087200000|  0%| F|  |TAMS 0x0000000087100000| PB 0x0000000087100000| Untracked 
|  36|0x0000000087200000, 0x0000000087200000, 0x0000000087300000|  0%| F|  |TAMS 0x0000000087200000| PB 0x0000000087200000| Untracked 
|  37|0x0000000087300000, 0x0000000087300000, 0x0000000087400000|  0%| F|  |TAMS 0x0000000087300000| PB 0x0000000087300000| Untracked 
|  38|0x0000000087400000, 0x0000000087400000, 0x0000000087500000|  0%| F|  |TAMS 0x0000000087400000| PB 0x0000000087400000| Untracked 
|  39|0x0000000087500000, 0x0000000087500000, 0x0000000087600000|  0%| F|  |TAMS 0x0000000087500000| PB 0x0000000087500000| Untracked 
|  40|0x0000000087600000, 0x0000000087600000, 0x0000000087700000|  0%| F|  |TAMS 0x0000000087600000| PB 0x0000000087600000| Untracked 
|  41|0x0000000087700000, 0x0000000087700000, 0x0000000087800000|  0%| F|  |TAMS 0x0000000087700000| PB 0x0000000087700000| Untracked 
|  42|0x0000000087800000, 0x0000000087800000, 0x0000000087900000|  0%| F|  |TAMS 0x0000000087800000| PB 0x0000000087800000| Untracked 
|  43|0x0000000087900000, 0x0000000087900000, 0x0000000087a00000|  0%| F|  |TAMS 0x0000000087900000| PB 0x0000000087900000| Untracked 
|  44|0x0000000087a00000, 0x0000000087a00000, 0x0000000087b00000|  0%| F|  |TAMS 0x0000000087a00000| PB 0x0000000087a00000| Untracked 
|  45|0x0000000087b00000, 0x0000000087b00000, 0x0000000087c00000|  0%| F|  |TAMS 0x0000000087b00000| PB 0x0000000087b00000| Untracked 
|  46|0x0000000087c00000, 0x0000000087c00000, 0x0000000087d00000|  0%| F|  |TAMS 0x0000000087c00000| PB 0x0000000087c00000| Untracked 
|  47|0x0000000087d00000, 0x0000000087d00000, 0x0000000087e00000|  0%| F|  |TAMS 0x0000000087d00000| PB 0x0000000087d00000| Untracked 
|  48|0x0000000087e00000, 0x0000000087e00000, 0x0000000087f00000|  0%| F|  |TAMS 0x0000000087e00000| PB 0x0000000087e00000| Untracked 
|  49|0x0000000087f00000, 0x0000000087f00000, 0x0000000088000000|  0%| F|  |TAMS 0x0000000087f00000| PB 0x0000000087f00000| Untracked 
|  50|0x0000000088000000, 0x0000000088000000, 0x0000000088100000|  0%| F|  |TAMS 0x0000000088000000| PB 0x0000000088000000| Untracked 
|  51|0x0000000088100000, 0x0000000088100000, 0x0000000088200000|  0%| F|  |TAMS 0x0000000088100000| PB 0x0000000088100000| Untracked 
|  52|0x0000000088200000, 0x0000000088200000, 0x0000000088300000|  0%| F|  |TAMS 0x0000000088200000| PB 0x0000000088200000| Untracked 
|  53|0x0000000088300000, 0x0000000088300000, 0x0000000088400000|  0%| F|  |TAMS 0x0000000088300000| PB 0x0000000088300000| Untracked 
|  54|0x0000000088400000, 0x0000000088400000, 0x0000000088500000|  0%| F|  |TAMS 0x0000000088400000| PB 0x0000000088400000| Untracked 
|  55|0x0000000088500000, 0x0000000088500000, 0x0000000088600000|  0%| F|  |TAMS 0x0000000088500000| PB 0x0000000088500000| Untracked 
|  56|0x0000000088600000, 0x0000000088600000, 0x0000000088700000|  0%| F|  |TAMS 0x0000000088600000| PB 0x0000000088600000| Untracked 
|  57|0x0000000088700000, 0x0000000088700000, 0x0000000088800000|  0%| F|  |TAMS 0x0000000088700000| PB 0x0000000088700000| Untracked 
|  58|0x0000000088800000, 0x0000000088800000, 0x0000000088900000|  0%| F|  |TAMS 0x0000000088800000| PB 0x0000000088800000| Untracked 
|  59|0x0000000088900000, 0x0000000088900000, 0x0000000088a00000|  0%| F|  |TAMS 0x0000000088900000| PB 0x0000000088900000| Untracked 
|  60|0x0000000088a00000, 0x0000000088a00000, 0x0000000088b00000|  0%| F|  |TAMS 0x0000000088a00000| PB 0x0000000088a00000| Untracked 
|  61|0x0000000088b00000, 0x0000000088b00000, 0x0000000088c00000|  0%| F|  |TAMS 0x0000000088b00000| PB 0x0000000088b00000| Untracked 
|  62|0x0000000088c00000, 0x0000000088c00000, 0x0000000088d00000|  0%| F|  |TAMS 0x0000000088c00000| PB 0x0000000088c00000| Untracked 
|  63|0x0000000088d00000, 0x0000000088d00000, 0x0000000088e00000|  0%| F|  |TAMS 0x0000000088d00000| PB 0x0000000088d00000| Untracked 
|  64|0x0000000088e00000, 0x0000000088e00000, 0x0000000088f00000|  0%| F|  |TAMS 0x0000000088e00000| PB 0x0000000088e00000| Untracked 
|  65|0x0000000088f00000, 0x0000000088f00000, 0x0000000089000000|  0%| F|  |TAMS 0x0000000088f00000| PB 0x0000000088f00000| Untracked 
|  66|0x0000000089000000, 0x0000000089000000, 0x0000000089100000|  0%| F|  |TAMS 0x0000000089000000| PB 0x0000000089000000| Untracked 
|  67|0x0000000089100000, 0x0000000089100000, 0x0000000089200000|  0%| F|  |TAMS 0x0000000089100000| PB 0x0000000089100000| Untracked 
|  68|0x0000000089200000, 0x0000000089200000, 0x0000000089300000|  0%| F|  |TAMS 0x0000000089200000| PB 0x0000000089200000| Untracked 
|  69|0x0000000089300000, 0x0000000089300000, 0x0000000089400000|  0%| F|  |TAMS 0x0000000089300000| PB 0x0000000089300000| Untracked 
|  70|0x0000000089400000, 0x0000000089400000, 0x0000000089500000|  0%| F|  |TAMS 0x0000000089400000| PB 0x0000000089400000| Untracked 
|  71|0x0000000089500000, 0x0000000089500000, 0x0000000089600000|  0%| F|  |TAMS 0x0000000089500000| PB 0x0000000089500000| Untracked 
|  72|0x0000000089600000, 0x0000000089600000, 0x0000000089700000|  0%| F|  |TAMS 0x0000000089600000| PB 0x0000000089600000| Untracked 
|  73|0x0000000089700000, 0x0000000089700000, 0x0000000089800000|  0%| F|  |TAMS 0x0000000089700000| PB 0x0000000089700000| Untracked 
|  74|0x0000000089800000, 0x0000000089800000, 0x0000000089900000|  0%| F|  |TAMS 0x0000000089800000| PB 0x0000000089800000| Untracked 
|  75|0x0000000089900000, 0x0000000089900000, 0x0000000089a00000|  0%| F|  |TAMS 0x0000000089900000| PB 0x0000000089900000| Untracked 
|  76|0x0000000089a00000, 0x0000000089a00000, 0x0000000089b00000|  0%| F|  |TAMS 0x0000000089a00000| PB 0x0000000089a00000| Untracked 
|  77|0x0000000089b00000, 0x0000000089b00000, 0x0000000089c00000|  0%| F|  |TAMS 0x0000000089b00000| PB 0x0000000089b00000| Untracked 
|  78|0x0000000089c00000, 0x0000000089c00000, 0x0000000089d00000|  0%| F|  |TAMS 0x0000000089c00000| PB 0x0000000089c00000| Untracked 
|  79|0x0000000089d00000, 0x0000000089d00000, 0x0000000089e00000|  0%| F|  |TAMS 0x0000000089d00000| PB 0x0000000089d00000| Untracked 
|  80|0x0000000089e00000, 0x0000000089e00000, 0x0000000089f00000|  0%| F|  |TAMS 0x0000000089e00000| PB 0x0000000089e00000| Untracked 
|  81|0x0000000089f00000, 0x0000000089f00000, 0x000000008a000000|  0%| F|  |TAMS 0x0000000089f00000| PB 0x0000000089f00000| Untracked 
|  82|0x000000008a000000, 0x000000008a000000, 0x000000008a100000|  0%| F|  |TAMS 0x000000008a000000| PB 0x000000008a000000| Untracked 
|  83|0x000000008a100000, 0x000000008a100000, 0x000000008a200000|  0%| F|  |TAMS 0x000000008a100000| PB 0x000000008a100000| Untracked 
|  84|0x000000008a200000, 0x000000008a200000, 0x000000008a300000|  0%| F|  |TAMS 0x000000008a200000| PB 0x000000008a200000| Untracked 
|  85|0x000000008a300000, 0x000000008a300000, 0x000000008a400000|  0%| F|  |TAMS 0x000000008a300000| PB 0x000000008a300000| Untracked 
|  86|0x000000008a400000, 0x000000008a400000, 0x000000008a500000|  0%| F|  |TAMS 0x000000008a400000| PB 0x000000008a400000| Untracked 
|  87|0x000000008a500000, 0x000000008a500000, 0x000000008a600000|  0%| F|  |TAMS 0x000000008a500000| PB 0x000000008a500000| Untracked 
|  88|0x000000008a600000, 0x000000008a600000, 0x000000008a700000|  0%| F|  |TAMS 0x000000008a600000| PB 0x000000008a600000| Untracked 
|  89|0x000000008a700000, 0x000000008a700000, 0x000000008a800000|  0%| F|  |TAMS 0x000000008a700000| PB 0x000000008a700000| Untracked 
|  90|0x000000008a800000, 0x000000008a800000, 0x000000008a900000|  0%| F|  |TAMS 0x000000008a800000| PB 0x000000008a800000| Untracked 
|  91|0x000000008a900000, 0x000000008a900000, 0x000000008aa00000|  0%| F|  |TAMS 0x000000008a900000| PB 0x000000008a900000| Untracked 
|  92|0x000000008aa00000, 0x000000008aa00000, 0x000000008ab00000|  0%| F|  |TAMS 0x000000008aa00000| PB 0x000000008aa00000| Untracked 
|  93|0x000000008ab00000, 0x000000008ab00000, 0x000000008ac00000|  0%| F|  |TAMS 0x000000008ab00000| PB 0x000000008ab00000| Untracked 
|  94|0x000000008ac00000, 0x000000008ac00000, 0x000000008ad00000|  0%| F|  |TAMS 0x000000008ac00000| PB 0x000000008ac00000| Untracked 
|  95|0x000000008ad00000, 0x000000008ad00000, 0x000000008ae00000|  0%| F|  |TAMS 0x000000008ad00000| PB 0x000000008ad00000| Untracked 
|  96|0x000000008ae00000, 0x000000008ae00000, 0x000000008af00000|  0%| F|  |TAMS 0x000000008ae00000| PB 0x000000008ae00000| Untracked 
|  97|0x000000008af00000, 0x000000008af00000, 0x000000008b000000|  0%| F|  |TAMS 0x000000008af00000| PB 0x000000008af00000| Untracked 
|  98|0x000000008b000000, 0x000000008b000000, 0x000000008b100000|  0%| F|  |TAMS 0x000000008b000000| PB 0x000000008b000000| Untracked 
|  99|0x000000008b100000, 0x000000008b100000, 0x000000008b200000|  0%| F|  |TAMS 0x000000008b100000| PB 0x000000008b100000| Untracked 
| 100|0x000000008b200000, 0x000000008b200000, 0x000000008b300000|  0%| F|  |TAMS 0x000000008b200000| PB 0x000000008b200000| Untracked 
| 101|0x000000008b300000, 0x000000008b300000, 0x000000008b400000|  0%| F|  |TAMS 0x000000008b300000| PB 0x000000008b300000| Untracked 
| 102|0x000000008b400000, 0x000000008b400000, 0x000000008b500000|  0%| F|  |TAMS 0x000000008b400000| PB 0x000000008b400000| Untracked 
| 103|0x000000008b500000, 0x000000008b500000, 0x000000008b600000|  0%| F|  |TAMS 0x000000008b500000| PB 0x000000008b500000| Untracked 
| 104|0x000000008b600000, 0x000000008b600000, 0x000000008b700000|  0%| F|  |TAMS 0x000000008b600000| PB 0x000000008b600000| Untracked 
| 105|0x000000008b700000, 0x000000008b700000, 0x000000008b800000|  0%| F|  |TAMS 0x000000008b700000| PB 0x000000008b700000| Untracked 
| 106|0x000000008b800000, 0x000000008b800000, 0x000000008b900000|  0%| F|  |TAMS 0x000000008b800000| PB 0x000000008b800000| Untracked 
| 107|0x000000008b900000, 0x000000008b900000, 0x000000008ba00000|  0%| F|  |TAMS 0x000000008b900000| PB 0x000000008b900000| Untracked 
| 108|0x000000008ba00000, 0x000000008ba00000, 0x000000008bb00000|  0%| F|  |TAMS 0x000000008ba00000| PB 0x000000008ba00000| Untracked 
| 109|0x000000008bb00000, 0x000000008bc00000, 0x000000008bc00000|100%| S|CS|TAMS 0x000000008bb00000| PB 0x000000008bb00000| Complete 
| 110|0x000000008bc00000, 0x000000008bd00000, 0x000000008bd00000|100%| S|CS|TAMS 0x000000008bc00000| PB 0x000000008bc00000| Complete 
| 111|0x000000008bd00000, 0x000000008bd00000, 0x000000008be00000|  0%| F|  |TAMS 0x000000008bd00000| PB 0x000000008bd00000| Untracked 
| 112|0x000000008be00000, 0x000000008be00000, 0x000000008bf00000|  0%| F|  |TAMS 0x000000008be00000| PB 0x000000008be00000| Untracked 
| 113|0x000000008bf00000, 0x000000008bf00000, 0x000000008c000000|  0%| F|  |TAMS 0x000000008bf00000| PB 0x000000008bf00000| Untracked 
| 114|0x000000008c000000, 0x000000008c000000, 0x000000008c100000|  0%| F|  |TAMS 0x000000008c000000| PB 0x000000008c000000| Untracked 
| 115|0x000000008c100000, 0x000000008c100000, 0x000000008c200000|  0%| F|  |TAMS 0x000000008c100000| PB 0x000000008c100000| Untracked 
| 116|0x000000008c200000, 0x000000008c200000, 0x000000008c300000|  0%| F|  |TAMS 0x000000008c200000| PB 0x000000008c200000| Untracked 
| 117|0x000000008c300000, 0x000000008c3d8220, 0x000000008c400000| 84%| E|  |TAMS 0x000000008c300000| PB 0x000000008c300000| Complete 
| 118|0x000000008c400000, 0x000000008c500000, 0x000000008c500000|100%| E|CS|TAMS 0x000000008c400000| PB 0x000000008c400000| Complete 
| 119|0x000000008c500000, 0x000000008c600000, 0x000000008c600000|100%| E|CS|TAMS 0x000000008c500000| PB 0x000000008c500000| Complete 
| 120|0x000000008c600000, 0x000000008c700000, 0x000000008c700000|100%| E|CS|TAMS 0x000000008c600000| PB 0x000000008c600000| Complete 
| 121|0x000000008c700000, 0x000000008c800000, 0x000000008c800000|100%| E|CS|TAMS 0x000000008c700000| PB 0x000000008c700000| Complete 
| 122|0x000000008c800000, 0x000000008c900000, 0x000000008c900000|100%| E|CS|TAMS 0x000000008c800000| PB 0x000000008c800000| Complete 
| 123|0x000000008c900000, 0x000000008ca00000, 0x000000008ca00000|100%| E|  |TAMS 0x000000008c900000| PB 0x000000008c900000| Complete 

Card table byte_map: [0x000001b671ab0000,0x000001b671e90000] _byte_map_base: 0x000001b671689000

Marking Bits: (CMBitMap*) 0x000001b6674bab00
 Bits: [0x000001b671e90000, 0x000001b673d58000)

Polling page: 0x000001b667320000

Metaspace:

Usage:
  Non-class:      5.03 MB used.
      Class:    277.90 KB used.
       Both:      5.30 MB used.

Virtual space:
  Non-class space:       64.00 MB reserved,       5.19 MB (  8%) committed,  1 nodes.
      Class space:        1.00 GB reserved,     384.00 KB ( <1%) committed,  1 nodes.
             Both:        1.06 GB reserved,       5.56 MB ( <1%) committed. 

Chunk freelists:
   Non-Class:  8.61 MB
       Class:  15.55 MB
        Both:  24.16 MB

MaxMetaspaceSize: unlimited
CompressedClassSpaceSize: 1.00 GB
Initial GC threshold: 21.00 MB
Current GC threshold: 21.00 MB
CDS: on
 - commit_granule_bytes: 65536.
 - commit_granule_words: 8192.
 - virtual_space_node_default_size: 8388608.
 - enlarge_chunks_in_place: 1.
 - use_allocation_guard: 0.


Internal statistics:

num_allocs_failed_limit: 0.
num_arena_births: 98.
num_arena_deaths: 0.
num_vsnodes_births: 2.
num_vsnodes_deaths: 0.
num_space_committed: 87.
num_space_uncommitted: 0.
num_chunks_returned_to_freelist: 0.
num_chunks_taken_from_freelist: 244.
num_chunk_merges: 0.
num_chunk_splits: 177.
num_chunks_enlarged: 131.
num_inconsistent_stats: 0.

CodeHeap 'non-profiled nmethods': size=120000Kb used=323Kb max_used=323Kb free=119677Kb
 bounds [0x000001b607ad0000, 0x000001b607d40000, 0x000001b60f000000]
CodeHeap 'profiled nmethods': size=120000Kb used=1712Kb max_used=1712Kb free=118287Kb
 bounds [0x000001b600000000, 0x000001b600270000, 0x000001b607530000]
CodeHeap 'non-nmethods': size=5760Kb used=2052Kb max_used=2076Kb free=3708Kb
 bounds [0x000001b607530000, 0x000001b6077a0000, 0x000001b607ad0000]
 total_blobs=1982 nmethods=1002 adapters=885
 compilation: enabled
              stopped_count=0, restarted_count=0
 full_count=0

Compilation events (20 events):
Event: 1.814 Thread 0x000001b67638a4d0 nmethod 990 0x000001b600194210 code [0x000001b6001943c0, 0x000001b600194548]
Event: 1.819 Thread 0x000001b676385610 nmethod 991 0x000001b607b18810 code [0x000001b607b189c0, 0x000001b607b18d80]
Event: 1.822 Thread 0x000001b676385610  992       4       java.util.ArrayList::get (15 bytes)
Event: 1.823 Thread 0x000001b676385610 nmethod 992 0x000001b607b18f90 code [0x000001b607b19120, 0x000001b607b19258]
Event: 1.823 Thread 0x000001b676385610  993   !   4       java.lang.ref.NativeReferenceQueue::poll (28 bytes)
Event: 1.824 Thread 0x000001b676385610 nmethod 993 0x000001b607b19390 code [0x000001b607b19540, 0x000001b607b19868]
Event: 1.825 Thread 0x000001b676385610  994       4       java.lang.invoke.MethodType::hashCode (53 bytes)
Event: 1.827 Thread 0x000001b676385610 nmethod 994 0x000001b607b19990 code [0x000001b607b19b40, 0x000001b607b19d70]
Event: 1.827 Thread 0x000001b676385610  995       4       java.lang.ref.SoftReference::get (29 bytes)
Event: 1.828 Thread 0x000001b676385610 nmethod 995 0x000001b607b19f10 code [0x000001b607b1a0a0, 0x000001b607b1a1b0]
Event: 1.828 Thread 0x000001b676385610  996       4       java.util.ImmutableCollections$List12::get (35 bytes)
Event: 1.829 Thread 0x000001b676385610 nmethod 996 0x000001b607b1a290 code [0x000001b607b1a420, 0x000001b607b1a550]
Event: 1.829 Thread 0x000001b676385610  997       4       java.lang.invoke.MethodType::makeImpl (109 bytes)
Event: 1.889 Thread 0x000001b676385610 nmethod 997 0x000001b607b1a610 code [0x000001b607b1a9e0, 0x000001b607b1d5a0]
Event: 1.889 Thread 0x000001b676385610  999       4       java.lang.invoke.BoundMethodHandle::<init> (32 bytes)
Event: 1.891 Thread 0x000001b67638a4d0 1001       3       sun.net.www.protocol.file.Handler::parseURL (18 bytes)
Event: 1.891 Thread 0x000001b67638a4d0 nmethod 1001 0x000001b600194610 code [0x000001b6001947c0, 0x000001b600194988]
Event: 1.891 Thread 0x000001b67638a4d0 1002       3       java.net.URLStreamHandler::parseURL (1124 bytes)
Event: 1.894 Thread 0x000001b676385610 nmethod 999 0x000001b607b1ea10 code [0x000001b607b1ebc0, 0x000001b607b1f000]
Event: 1.894 Thread 0x000001b676385610  998       4       java.lang.invoke.MethodType$ConcurrentWeakInternSet::get (47 bytes)

GC Heap History (2 events):
Event: 1.536 GC heap before
{Heap before GC invocations=0 (full 0):
 garbage-first heap   total 126976K, used 12288K [0x0000000084e00000, 0x0000000100000000)
  region size 1024K, 13 young (13312K), 0 survivors (0K)
 Metaspace       used 3687K, committed 3904K, reserved 1114112K
  class space    used 223K, committed 320K, reserved 1048576K
}
Event: 1.542 GC heap after
{Heap after GC invocations=1 (full 0):
 garbage-first heap   total 126976K, used 2480K [0x0000000084e00000, 0x0000000100000000)
  region size 1024K, 2 young (2048K), 2 survivors (2048K)
 Metaspace       used 3687K, committed 3904K, reserved 1114112K
  class space    used 223K, committed 320K, reserved 1048576K
}

Dll operation events (10 events):
Event: 0.012 Loaded shared library C:\Users\Admin\.jdks\openjdk-21.0.2\bin\java.dll
Event: 0.014 Loaded shared library C:\Users\Admin\.jdks\openjdk-21.0.2\bin\zip.dll
Event: 0.062 Loaded shared library C:\Users\Admin\.jdks\openjdk-21.0.2\bin\jsvml.dll
Event: 0.259 Loaded shared library C:\Users\Admin\.jdks\openjdk-21.0.2\bin\instrument.dll
Event: 0.323 Loaded shared library C:\Users\Admin\.jdks\openjdk-21.0.2\bin\net.dll
Event: 0.324 Loaded shared library C:\Users\Admin\.jdks\openjdk-21.0.2\bin\nio.dll
Event: 0.336 Loaded shared library C:\Users\Admin\.jdks\openjdk-21.0.2\bin\zip.dll
Event: 0.393 Loaded shared library C:\Users\Admin\.jdks\openjdk-21.0.2\bin\jimage.dll
Event: 0.550 Loaded shared library C:\Users\Admin\AppData\Local\Temp\lwjglAdmin\3.2.3-build-13\lwjgl.dll
Event: 1.002 Loaded shared library C:\Users\Admin\AppData\Local\Temp\lwjglAdmin\3.2.3-build-13\lwjgl_opengl.dll

Deoptimization events (14 events):
Event: 0.288 Thread 0x000001b6673661c0 Uncommon trap: trap_request=0xffffff45 fr.pc=0x000001b607ad4f74 relative=0x00000000000000d4
Event: 0.288 Thread 0x000001b6673661c0 Uncommon trap: reason=unstable_if action=reinterpret pc=0x000001b607ad4f74 method=java.lang.String.isLatin1()Z @ 10 c2
Event: 0.288 Thread 0x000001b6673661c0 DEOPT PACKING pc=0x000001b607ad4f74 sp=0x000000647f8ff1f0
Event: 0.288 Thread 0x000001b6673661c0 DEOPT UNPACKING pc=0x000001b6075846a2 sp=0x000000647f8ff140 mode 2
Event: 0.374 Thread 0x000001b6673661c0 DEOPT PACKING pc=0x000001b60002a373 sp=0x000000647f8fd900
Event: 0.374 Thread 0x000001b6673661c0 DEOPT UNPACKING pc=0x000001b607584e42 sp=0x000000647f8fcd20 mode 0
Event: 0.409 Thread 0x000001b6673661c0 DEOPT PACKING pc=0x000001b600009ad4 sp=0x000000647f8fda70
Event: 0.409 Thread 0x000001b6673661c0 DEOPT UNPACKING pc=0x000001b607584e42 sp=0x000000647f8fced8 mode 0
Event: 1.391 Thread 0x000001b6673661c0 Uncommon trap: trap_request=0xffffff45 fr.pc=0x000001b607ae3e10 relative=0x0000000000000070
Event: 1.391 Thread 0x000001b6673661c0 Uncommon trap: reason=unstable_if action=reinterpret pc=0x000001b607ae3e10 method=java.lang.String.isLatin1()Z @ 10 c2
Event: 1.391 Thread 0x000001b6673661c0 DEOPT PACKING pc=0x000001b607ae3e10 sp=0x000000647f8fec20
Event: 1.391 Thread 0x000001b6673661c0 DEOPT UNPACKING pc=0x000001b6075846a2 sp=0x000000647f8febc0 mode 2
Event: 1.664 Thread 0x000001b6673661c0 DEOPT PACKING pc=0x000001b600079b83 sp=0x000000647f8fde30
Event: 1.664 Thread 0x000001b6673661c0 DEOPT UNPACKING pc=0x000001b607584e42 sp=0x000000647f8fd290 mode 0

Classes loaded (20 events):
Event: 1.746 Loading class org/lwjgl/opengl/EXTTimerQuery
Event: 1.746 Loading class org/lwjgl/opengl/EXTTimerQuery done
Event: 1.747 Loading class org/lwjgl/opengl/EXTTransformFeedback
Event: 1.747 Loading class org/lwjgl/opengl/EXTTransformFeedback done
Event: 1.750 Loading class org/lwjgl/opengl/INTELMapTexture
Event: 1.750 Loading class org/lwjgl/opengl/INTELMapTexture done
Event: 1.751 Loading class org/lwjgl/opengl/INTELPerformanceQuery
Event: 1.751 Loading class org/lwjgl/opengl/INTELPerformanceQuery done
Event: 1.753 Loading class org/lwjgl/opengl/KHRBlendEquationAdvanced
Event: 1.753 Loading class org/lwjgl/opengl/KHRBlendEquationAdvanced done
Event: 1.755 Loading class org/lwjgl/opengl/KHRDebug
Event: 1.755 Loading class org/lwjgl/opengl/KHRDebug done
Event: 1.758 Loading class org/lwjgl/opengl/NVConditionalRender
Event: 1.758 Loading class org/lwjgl/opengl/NVConditionalRender done
Event: 1.764 Loading class org/lwjgl/opengl/NVPrimitiveRestart
Event: 1.764 Loading class org/lwjgl/opengl/NVPrimitiveRestart done
Event: 1.891 Loading class org/lwjgl/system/MultiReleaseMemCopy
Event: 1.891 Loading class org/lwjgl/system/MultiReleaseMemCopy done
Event: 1.892 Loading class org/lwjgl/opengl/GL11C
Event: 1.892 Loading class org/lwjgl/opengl/GL11C done

Classes unloaded (0 events):
No events

Classes redefined (0 events):
No events

Internal exceptions (20 events):
Event: 0.512 Thread 0x000001b6673661c0 Exception <a 'java/lang/NoSuchMethodError'{0x000000008c314fc8}: 'void java.lang.System.loadLibrary(java.lang.String, java.lang.Class)'> (0x000000008c314fc8) 
thrown [s\open\src\hotspot\share\interpreter\linkResolver.cpp, line 773]
Event: 0.557 Thread 0x000001b6673661c0 Exception <a 'sun/nio/fs/WindowsException'{0x000000008c380af0}> (0x000000008c380af0) 
thrown [s\open\src\hotspot\share\prims\jni.cpp, line 520]
Event: 0.558 Thread 0x000001b6673661c0 Exception <a 'sun/nio/fs/WindowsException'{0x000000008c382100}> (0x000000008c382100) 
thrown [s\open\src\hotspot\share\prims\jni.cpp, line 520]
Event: 0.613 Thread 0x000001b6673661c0 Exception <a 'sun/nio/fs/WindowsException'{0x000000008c298fe0}> (0x000000008c298fe0) 
thrown [s\open\src\hotspot\share\prims\jni.cpp, line 520]
Event: 0.613 Thread 0x000001b6673661c0 Exception <a 'sun/nio/fs/WindowsException'{0x000000008c299350}> (0x000000008c299350) 
thrown [s\open\src\hotspot\share\prims\jni.cpp, line 520]
Event: 0.621 Thread 0x000001b6673661c0 Exception <a 'java/lang/NoSuchMethodError'{0x000000008c2ad748}: 'int java.lang.invoke.Invokers$Holder.invokeExact_MT(java.lang.Object, java.lang.Object)'> (0x000000008c2ad748) 
thrown [s\open\src\hotspot\share\interpreter\linkResolver.cpp, line 773]
Event: 0.741 Thread 0x000001b6673661c0 Exception <a 'java/lang/NoSuchMethodError'{0x000000008c11c6c8}: 'void java.lang.invoke.DirectMethodHandle$Holder.invokeStaticInit(java.lang.Object, long, double, double)'> (0x000000008c11c6c8) 
thrown [s\open\src\hotspot\share\interpreter\linkResolver.cpp, line 773]
Event: 0.746 Thread 0x000001b6673661c0 Exception <a 'java/lang/NoSuchMethodError'{0x000000008c12af78}: 'void java.lang.invoke.DirectMethodHandle$Holder.invokeStaticInit(java.lang.Object, long, int, int, int)'> (0x000000008c12af78) 
thrown [s\open\src\hotspot\share\interpreter\linkResolver.cpp, line 773]
Event: 0.756 Thread 0x000001b6673661c0 Exception <a 'java/lang/NoSuchMethodError'{0x000000008c142f20}: 'void java.lang.invoke.DirectMethodHandle$Holder.invokeStaticInit(java.lang.Object, long, int, int, int, int)'> (0x000000008c142f20) 
thrown [s\open\src\hotspot\share\interpreter\linkResolver.cpp, line 773]
Event: 0.760 Thread 0x000001b6673661c0 Exception <a 'java/lang/NoSuchMethodError'{0x000000008c14ea20}: 'void java.lang.invoke.DirectMethodHandle$Holder.invokeStatic(java.lang.Object, long, int, int)'> (0x000000008c14ea20) 
thrown [s\open\src\hotspot\share\interpreter\linkResolver.cpp, line 773]
Event: 0.821 Thread 0x000001b6673661c0 Exception <a 'sun/nio/fs/WindowsException'{0x000000008c183318}> (0x000000008c183318) 
thrown [s\open\src\hotspot\share\prims\jni.cpp, line 520]
Event: 0.822 Thread 0x000001b6673661c0 Exception <a 'sun/nio/fs/WindowsException'{0x000000008c1836a0}> (0x000000008c1836a0) 
thrown [s\open\src\hotspot\share\prims\jni.cpp, line 520]
Event: 0.975 Thread 0x000001b6673661c0 Exception <a 'java/lang/NoSuchMethodError'{0x000000008c064958}: 'long java.lang.invoke.DelegatingMethodHandle$Holder.reinvoke_L(java.lang.Object, java.lang.Object)'> (0x000000008c064958) 
thrown [s\open\src\hotspot\share\interpreter\linkResolver.cpp, line 773]
Event: 0.977 Thread 0x000001b6673661c0 Exception <a 'java/lang/NoSuchMethodError'{0x000000008c06ace0}: 'long java.lang.invoke.Invokers$Holder.invokeExact_MT(java.lang.Object, java.lang.Object, java.lang.Object)'> (0x000000008c06ace0) 
thrown [s\open\src\hotspot\share\interpreter\linkResolver.cpp, line 773]
Event: 0.993 Thread 0x000001b6673661c0 Exception <a 'java/lang/NoSuchMethodError'{0x000000008c0a5e90}: 'void java.lang.System.load(java.lang.String, java.lang.Class)'> (0x000000008c0a5e90) 
thrown [s\open\src\hotspot\share\interpreter\linkResolver.cpp, line 773]
Event: 0.994 Thread 0x000001b6673661c0 Exception <a 'java/lang/NoSuchMethodError'{0x000000008c0a8830}: 'void java.lang.System.loadLibrary(java.lang.String, java.lang.Class)'> (0x000000008c0a8830) 
thrown [s\open\src\hotspot\share\interpreter\linkResolver.cpp, line 773]
Event: 1.000 Thread 0x000001b6673661c0 Exception <a 'sun/nio/fs/WindowsException'{0x000000008c0b7c00}> (0x000000008c0b7c00) 
thrown [s\open\src\hotspot\share\prims\jni.cpp, line 520]
Event: 1.000 Thread 0x000001b6673661c0 Exception <a 'sun/nio/fs/WindowsException'{0x000000008c0b7fb0}> (0x000000008c0b7fb0) 
thrown [s\open\src\hotspot\share\prims\jni.cpp, line 520]
Event: 1.005 Thread 0x000001b6673661c0 Exception <a 'sun/nio/fs/WindowsException'{0x000000008c0be5f8}> (0x000000008c0be5f8) 
thrown [s\open\src\hotspot\share\prims\jni.cpp, line 520]
Event: 1.006 Thread 0x000001b6673661c0 Exception <a 'sun/nio/fs/WindowsException'{0x000000008c0be8e0}> (0x000000008c0be8e0) 
thrown [s\open\src\hotspot\share\prims\jni.cpp, line 520]

ZGC Phase Switch (0 events):
No events

VM Operations (8 events):
Event: 0.252 Executing VM operation: ChangeBreakpoints
Event: 0.252 Executing VM operation: ChangeBreakpoints done
Event: 0.253 Executing VM operation: ChangeBreakpoints
Event: 0.253 Executing VM operation: ChangeBreakpoints done
Event: 1.258 Executing VM operation: Cleanup
Event: 1.358 Executing VM operation: Cleanup done
Event: 1.535 Executing VM operation: G1CollectForAllocation (G1 Evacuation Pause)
Event: 1.542 Executing VM operation: G1CollectForAllocation (G1 Evacuation Pause) done

Events (16 events):
Event: 0.035 Thread 0x000001b6673661c0 Thread added: 0x000001b6673661c0
Event: 0.058 Thread 0x000001b676371c70 Thread added: 0x000001b676371c70
Event: 0.058 Thread 0x000001b6763739a0 Thread added: 0x000001b6763739a0
Event: 0.059 Thread 0x000001b676377740 Thread added: 0x000001b676377740
Event: 0.059 Thread 0x000001b6763781a0 Thread added: 0x000001b6763781a0
Event: 0.059 Thread 0x000001b67637b3b0 Thread added: 0x000001b67637b3b0
Event: 0.059 Thread 0x000001b67637c5b0 Thread added: 0x000001b67637c5b0
Event: 0.059 Thread 0x000001b676385610 Thread added: 0x000001b676385610
Event: 0.059 Thread 0x000001b67638a4d0 Thread added: 0x000001b67638a4d0
Event: 0.134 Thread 0x000001b6765b18e0 Thread added: 0x000001b6765b18e0
Event: 0.178 Thread 0x000001b67665c0b0 Thread added: 0x000001b67665c0b0
Event: 0.178 Thread 0x000001b67665c730 Thread added: 0x000001b67665c730
Event: 0.179 Thread 0x000001b676693b90 Thread added: 0x000001b676693b90
Event: 0.286 Thread 0x000001b6767c8a00 Thread added: 0x000001b6767c8a00
Event: 1.374 Thread 0x000001b67b62a8e0 Thread added: 0x000001b67b62a8e0
Event: 1.529 Thread 0x000001b67b62a8e0 Thread exited: 0x000001b67b62a8e0


Dynamic libraries:
0x00007ff72f8c0000 - 0x00007ff72f8ce000 	C:\Users\Admin\.jdks\openjdk-21.0.2\bin\java.exe
0x00007fff1b7d0000 - 0x00007fff1b9c8000 	C:\Windows\SYSTEM32\ntdll.dll
0x00007fff1af30000 - 0x00007fff1aff2000 	C:\Windows\System32\KERNEL32.DLL
0x00007fff191b0000 - 0x00007fff194ae000 	C:\Windows\System32\KERNELBASE.dll
0x00007fff194b0000 - 0x00007fff195b0000 	C:\Windows\System32\ucrtbase.dll
0x00007ffeff2f0000 - 0x00007ffeff30b000 	C:\Users\Admin\.jdks\openjdk-21.0.2\bin\VCRUNTIME140.dll
0x00007ffeff2d0000 - 0x00007ffeff2e8000 	C:\Users\Admin\.jdks\openjdk-21.0.2\bin\jli.dll
0x00007fff1b440000 - 0x00007fff1b5dd000 	C:\Windows\System32\USER32.dll
0x00007fff18e70000 - 0x00007fff18e92000 	C:\Windows\System32\win32u.dll
0x00007fff1b660000 - 0x00007fff1b68b000 	C:\Windows\System32\GDI32.dll
0x00007fff18ea0000 - 0x00007fff18fb7000 	C:\Windows\System32\gdi32full.dll
0x00007fff19750000 - 0x00007fff197ed000 	C:\Windows\System32\msvcp_win.dll
0x00007ffef1460000 - 0x00007ffef16fa000 	C:\Windows\WinSxS\amd64_microsoft.windows.common-controls_6595b64144ccf1df_6.0.19041.4355_none_60b8b9eb71f62e16\COMCTL32.dll
0x00007fff1ae90000 - 0x00007fff1af2e000 	C:\Windows\System32\msvcrt.dll
0x00007fff1a110000 - 0x00007fff1a13f000 	C:\Windows\System32\IMM32.DLL
0x00007fff124f0000 - 0x00007fff124fc000 	C:\Users\Admin\.jdks\openjdk-21.0.2\bin\vcruntime140_1.dll
0x00007ffeff240000 - 0x00007ffeff2ce000 	C:\Users\Admin\.jdks\openjdk-21.0.2\bin\msvcp140.dll
0x00007ffe9a760000 - 0x00007ffe9b477000 	C:\Users\Admin\.jdks\openjdk-21.0.2\bin\server\jvm.dll
0x00007fff1a140000 - 0x00007fff1a1f2000 	C:\Windows\System32\ADVAPI32.dll
0x00007fff198d0000 - 0x00007fff19970000 	C:\Windows\System32\sechost.dll
0x00007fff1b310000 - 0x00007fff1b433000 	C:\Windows\System32\RPCRT4.dll
0x00007fff196b0000 - 0x00007fff196d7000 	C:\Windows\System32\bcrypt.dll
0x00007fff1b000000 - 0x00007fff1b06b000 	C:\Windows\System32\WS2_32.dll
0x00007fff189f0000 - 0x00007fff18a3b000 	C:\Windows\SYSTEM32\POWRPROF.dll
0x00007fff15690000 - 0x00007fff156b7000 	C:\Windows\SYSTEM32\WINMM.dll
0x00007fff0eba0000 - 0x00007fff0ebaa000 	C:\Windows\SYSTEM32\VERSION.dll
0x00007fff18410000 - 0x00007fff18422000 	C:\Windows\SYSTEM32\UMPDC.dll
0x00007fff16fd0000 - 0x00007fff16fe2000 	C:\Windows\SYSTEM32\kernel.appcore.dll
0x00007fff0eac0000 - 0x00007fff0eaca000 	C:\Users\Admin\.jdks\openjdk-21.0.2\bin\jimage.dll
0x00007fff18800000 - 0x00007fff189e4000 	C:\Windows\SYSTEM32\DBGHELP.DLL
0x00007fff18520000 - 0x00007fff18554000 	C:\Windows\SYSTEM32\dbgcore.DLL
0x00007fff19120000 - 0x00007fff191a2000 	C:\Windows\System32\bcryptPrimitives.dll
0x00007ffeff200000 - 0x00007ffeff23c000 	C:\Users\Admin\.jdks\openjdk-21.0.2\bin\jdwp.dll
0x00007fff0e550000 - 0x00007fff0e55f000 	C:\Users\Admin\.jdks\openjdk-21.0.2\bin\instrument.dll
0x00007ffeff160000 - 0x00007ffeff17f000 	C:\Users\Admin\.jdks\openjdk-21.0.2\bin\java.dll
0x00007ffeff140000 - 0x00007ffeff158000 	C:\Users\Admin\.jdks\openjdk-21.0.2\bin\zip.dll
0x00007fff1a200000 - 0x00007fff1a96f000 	C:\Windows\System32\SHELL32.dll
0x00007fff167a0000 - 0x00007fff16f44000 	C:\Windows\SYSTEM32\windows.storage.dll
0x00007fff19970000 - 0x00007fff19cc3000 	C:\Windows\System32\combase.dll
0x00007fff180d0000 - 0x00007fff180fe000 	C:\Windows\SYSTEM32\Wldp.dll
0x00007fff1b230000 - 0x00007fff1b2fd000 	C:\Windows\System32\OLEAUT32.dll
0x00007fff1ade0000 - 0x00007fff1ae8d000 	C:\Windows\System32\SHCORE.dll
0x00007fff19cf0000 - 0x00007fff19d45000 	C:\Windows\System32\shlwapi.dll
0x00007fff18da0000 - 0x00007fff18dc4000 	C:\Windows\SYSTEM32\profapi.dll
0x00007ffef9cd0000 - 0x00007ffef9da7000 	C:\Users\Admin\.jdks\openjdk-21.0.2\bin\jsvml.dll
0x00007fff0d970000 - 0x00007fff0d97c000 	C:\Users\Admin\.jdks\openjdk-21.0.2\bin\dt_socket.dll
0x00007fff17b90000 - 0x00007fff17bcb000 	C:\Windows\SYSTEM32\IPHLPAPI.DLL
0x00007fff17e80000 - 0x00007fff17eea000 	C:\Windows\system32\mswsock.dll
0x00007fff0d2e0000 - 0x00007fff0d2f0000 	C:\Users\Admin\.jdks\openjdk-21.0.2\bin\net.dll
0x00007fff11530000 - 0x00007fff1163d000 	C:\Windows\SYSTEM32\WINHTTP.dll
0x00007ffefef60000 - 0x00007ffefef76000 	C:\Users\Admin\.jdks\openjdk-21.0.2\bin\nio.dll
0x00007ffef9c60000 - 0x00007ffef9cc4000 	C:\Users\Admin\AppData\Local\Temp\lwjglAdmin\3.2.3-build-13\lwjgl.dll
0x00007ffebbec0000 - 0x00007ffebbf22000 	C:\Users\Admin\AppData\Local\Temp\lwjglAdmin\3.2.3-build-13\glfw.dll
0x00007fff150e0000 - 0x00007fff1517e000 	C:\Windows\system32\uxtheme.dll
0x00007ffef9c10000 - 0x00007ffef9c55000 	C:\Windows\SYSTEM32\dinput8.dll
0x00007fff181b0000 - 0x00007fff181c1000 	C:\Windows\SYSTEM32\xinput1_4.dll
0x00007fff19660000 - 0x00007fff196ae000 	C:\Windows\System32\cfgmgr32.dll
0x00007fff18c00000 - 0x00007fff18c33000 	C:\Windows\SYSTEM32\DEVOBJ.dll
0x00007fff15300000 - 0x00007fff1532f000 	C:\Windows\SYSTEM32\dwmapi.dll
0x00007fff04ac0000 - 0x00007fff04c12000 	C:\Windows\SYSTEM32\inputhost.dll
0x00007fff14990000 - 0x00007fff14a82000 	C:\Windows\SYSTEM32\CoreMessaging.dll
0x00007fff12dc0000 - 0x00007fff12eb6000 	C:\Windows\SYSTEM32\PROPSYS.dll
0x00007fff13830000 - 0x00007fff13987000 	C:\Windows\SYSTEM32\wintypes.dll
0x00007fff14440000 - 0x00007fff1479b000 	C:\Windows\SYSTEM32\CoreUIComponents.dll
0x00007fff18ba0000 - 0x00007fff18bd3000 	C:\Windows\SYSTEM32\ntmarta.dll
0x00007fff19ec0000 - 0x00007fff19fd5000 	C:\Windows\System32\MSCTF.dll
0x00007fff16fc0000 - 0x00007fff16fcd000 	C:\Windows\SYSTEM32\HID.DLL
0x00007fff1a970000 - 0x00007fff1adde000 	C:\Windows\System32\SETUPAPI.DLL
0x00007fff196e0000 - 0x00007fff19749000 	C:\Windows\System32\WINTRUST.dll
0x00007fff18fc0000 - 0x00007fff1911c000 	C:\Windows\System32\CRYPT32.dll
0x00007fff18a40000 - 0x00007fff18a52000 	C:\Windows\SYSTEM32\MSASN1.dll
0x00007ffefdd20000 - 0x00007ffefde48000 	C:\Windows\SYSTEM32\opengl32.dll
0x00007fff15650000 - 0x00007fff1567c000 	C:\Windows\SYSTEM32\GLU32.dll
0x00007fff19e10000 - 0x00007fff19eb9000 	C:\Windows\System32\clbcatq.dll
0x00007ffe99c10000 - 0x00007ffe9a757000 	C:\Windows\SYSTEM32\ig75icd64.dll
0x00007fff012b0000 - 0x00007fff01cef000 	C:\Windows\SYSTEM32\igdusc64.dll
0x00007fff16780000 - 0x00007fff16794000 	C:\Windows\SYSTEM32\WTSAPI32.dll
0x00007fff01d60000 - 0x00007fff01d9b000 	C:\Windows\SYSTEM32\dxcore.dll
0x00007fff17040000 - 0x00007fff17136000 	C:\Windows\SYSTEM32\dxgi.dll
0x00007fff13480000 - 0x00007fff136e3000 	C:\Windows\SYSTEM32\d3d11.dll
0x00007fff02aa0000 - 0x00007fff039fd000 	C:\Windows\SYSTEM32\igd10iumd64.dll
0x00007fff183e0000 - 0x00007fff18407000 	C:\Windows\SYSTEM32\ncrypt.dll
0x00007fff14bf0000 - 0x00007fff14c84000 	C:\Windows\SYSTEM32\apphelp.dll
0x00007fff18100000 - 0x00007fff1813b000 	C:\Windows\SYSTEM32\NTASN1.dll
0x00007fff05320000 - 0x00007fff05419000 	C:\Windows\SYSTEM32\textinputframework.dll
0x00007ffeef450000 - 0x00007ffeef4b6000 	C:\Windows\system32\Oleacc.dll
0x00007ffeb6fa0000 - 0x00007ffeb70ab000 	C:\Users\Admin\AppData\Local\Temp\lwjglAdmin\3.2.3-build-13\OpenAL.dll
0x00007fff19fe0000 - 0x00007fff1a10b000 	C:\Windows\System32\ole32.dll
0x00007fff11ce0000 - 0x00007fff11d65000 	C:\Windows\System32\MMDevApi.dll
0x00007ffeef2c0000 - 0x00007ffeef441000 	C:\Windows\SYSTEM32\AUDIOSES.DLL
0x00007fff151b0000 - 0x00007fff151c4000 	C:\Windows\SYSTEM32\resourcepolicyclient.dll
0x00007ffeca260000 - 0x00007ffeca2b9000 	C:\Users\Admin\AppData\Local\Temp\lwjglAdmin\3.2.3-build-13\lwjgl_opengl.dll

dbghelp: loaded successfully - version: 4.0.5 - missing functions: none
symbol engine: initialized successfully - sym options: 0x614 - pdb path: .;C:\Users\Admin\.jdks\openjdk-21.0.2\bin;C:\Windows\SYSTEM32;C:\Windows\WinSxS\amd64_microsoft.windows.common-controls_6595b64144ccf1df_6.0.19041.4355_none_60b8b9eb71f62e16;C:\Users\Admin\.jdks\openjdk-21.0.2\bin\server;C:\Users\Admin\AppData\Local\Temp\lwjglAdmin\3.2.3-build-13

VM Arguments:
jvm_args: -Ddebugger.agent.enable.coroutines=true -Dkotlinx.coroutines.debug.enable.creation.stack.trace=false -agentlib:jdwp=transport=dt_socket,server=n,suspend=y,address=127.0.0.1:52641 -javaagent:C:\Users\Admin\AppData\Local\JetBrains\IntelliJIdea2024.2\captureAgent\debugger-agent.jar -Dfile.encoding=UTF-8 -Duser.country=GB -Duser.language=en -Duser.variant -ea 
java_command: Main java.library.path=libs
java_class_path (initial): C:\Users\Admin\Desktop\SuperMario\SuperMario\build\classes\java\main;C:\Users\Admin\Desktop\SuperMario\SuperMario\build\resources\main;C:\Users\Admin\Desktop\SuperMario\SuperMario\libs\imgui-app-1.81.0-javadoc.jar;C:\Users\Admin\Desktop\SuperMario\SuperMario\libs\imgui-app-1.81.0-sources.jar;C:\Users\Admin\Desktop\SuperMario\SuperMario\libs\imgui-app-1.81.0.jar;C:\Users\Admin\Desktop\SuperMario\SuperMario\libs\imgui-binding-1.81.0-javadoc.jar;C:\Users\Admin\Desktop\SuperMario\SuperMario\libs\imgui-binding-1.81.0-sources.jar;C:\Users\Admin\Desktop\SuperMario\SuperMario\libs\imgui-binding-1.81.0.jar;C:\Users\Admin\Desktop\SuperMario\SuperMario\libs\imgui-lwjgl3-1.81.0-javadoc.jar;C:\Users\Admin\Desktop\SuperMario\SuperMario\libs\imgui-lwjgl3-1.81.0-sources.jar;C:\Users\Admin\Desktop\SuperMario\SuperMario\libs\imgui-lwjgl3-1.81.0.jar;C:\Users\Admin\Desktop\SuperMario\SuperMario\libs\jbox2d-library.jar;C:\Users\Admin\.gradle\caches\modules-2\files-2.1\com.google.code.gson\gson\2.8.6\9180733b7df8542621dc12e21e87557e8c99b8cb\gson-2.8.6.jar;C:\Users\Admin\.gradle\caches\modules-2\files-2.1\org.lwjgl\lwjgl-assimp\3.2.3\f62aa07a20afbdd3097efc296c4841e0d29700eb\lwjgl-assimp-3.2.3.jar;C:\Users\Admin\.gradle\caches\modules-2\files-2.1\org.lwjgl\lwjgl-assimp\3.2.3\4e60aeb75f0343c4a9ede4ef8b6b32ca702a00a3\lwjgl-assimp-3.2.3-natives-windows.jar;C:\Users\Admin\.gradle\caches\modules-2\files-2.1\org.lwjgl\lwjgl-glfw\3.2.3\5e520d5c290c8b012545a8d34fa5db5ab051ea53\lwjgl-glfw-3.2.3.jar;C:\Users\Admin\.gradle\caches\modules-2\files-2.1\org.lwjgl\lwjgl-glfw\3.2.3\b4d8a3477cdc2edcf7a5f1e822926be846223f54\lwjgl-glfw-3.2.3-natives-windows.jar;C:\Users\Admin\.gradle\caches\modules-2\files-2.1\org.lwjgl\lwjgl-nfd\3.2.3\c44fee1043c022cf6614a28872d44cf114ca7737\lwjgl-nfd-3.2.3.jar;C:\Users\Admin\.gradle\caches\modules-2\files-2.1\org.lwjgl\lwjgl-nfd\3.2.3\32782f5f5c57769efb82af864e70b819c77bc891\lwjgl-nfd-3.2.3-natives-windows.jar;C:\Users\Admin\.gradle\caches\modules-2\files-2.1\org.lwjgl\lwjgl-openal\3.2.3\106742e805803ab9eab8e343f0fb31a3d263903c\lwjgl-openal-3.2.3.jar;C:\Users\Admin\.gradle\caches\modules-2\files-2.1\org.lwjgl\lwjgl-openal\3.2.3\ec898e8ce11b5886f4f532a1536283ef2817758d\lwjgl-openal-3.2.3-natives-windows.jar;C:\Users\Admin\.gradle\caches\modules-2\files-2.1\org.lwjgl\lwjgl-opengl\3.2.3\bdd534a323d0c8f54969b95e424b6ac8984f7d6e\lwjgl-opengl-3.2.3.jar;C:\Users\Admin\.gradle\caches\modules-2\files-2.1\org.lwjgl\lwjgl-opengl\3.2.3\e81cfc73ec8708e5e791ed770e4ec3edfc1bbab1\lwjgl-opengl-3.2.3-natives-windows.jar;C:\Users\Admin\.gradle\caches\modules-2\files-2.1\org.lwjgl\lwjgl-stb\3.2.3\40eccaa4fa86fc815f2e17946a392fb5fdcc286a\lwjgl-stb-3.2.3.jar;C:\Users\Admin\.gradle\caches\modules-2\files-2.1\org.lwjgl\lwjgl-stb\3.2.3\817b21ec286f0ba3dcedb56a3bd275e6a9345be9\lwjgl-stb-3.2.3-natives-windows.jar;C:\Users\Admin\.gradle\caches\modules-2\files-2.1\org.lwjgl\lwjgl\3.2.3\17a59ba0fe8d474ec9dbe0d5db40d2cfe59c4c08\lwjgl-3.2.3.jar;C:\Users\Admin\.gradle\caches\modules-2\files-2.1\org.lwjgl\lwjgl\3.2.3\27f32cd35349684745951e04388e8e00d681cdcd\lwjgl-3.2.3-natives-windows.jar;C:\Users\Admin\.gradle\caches\modules-2\files-2.1\org.joml\joml\1.10.7\f8c3f2e7db281bde099342dd36133de4bbba390c\joml-1.10.7.jar;C:\Users\Admin\.gradle\caches\modules-2\files-2.1\org.jetbrains.kotlin\kotlin-stdlib-jdk8\1.8.20\73576ddf378c5b4f1f6b449fe6b119b8183fc078\kotlin-stdlib-jdk8-1.8.20.jar;C:\Users\Admin\.gradle\caches\modules-2\files-2.1\org.jetbrains.kotlin\kotlin-stdlib-jdk7\1.8.20\3aa51faf20aae8b31e1a4bc54f8370673d7b7df4\kotlin-stdlib-jdk7-1.8.20.jar;C:\Users\Admin\.gradle\caches\modules-2\files-2.1\org.jetbrains.kotlin\kotlin-stdlib\1.8.20\e72fc5e03ec6c064c678a6bd0d955c88d55b0c4a\kotlin-stdlib-1.8.20.jar;C:\Users\Admin\.gradle\caches\modules-2\files-2.1\org.jetbrains.kotlin\kotlin-stdlib-common\1.8.20\5eddaaf234c8c49d03eebeb6a14feb7f90faca71\kotlin-stdlib-common-1.8.20.jar;C:\Users\Admin\.gradle\caches\modules-2\files-2.1\org.jetbrains\annotations\13.0\919f0dfe192fb4e063e7dacadee7f8bb9a2672a9\annotations-13.0.jar
Launcher Type: SUN_STANDARD

[Global flags]
     intx CICompilerCount                          = 3                                         {product} {ergonomic}
     uint ConcGCThreads                            = 1                                         {product} {ergonomic}
     uint G1ConcRefinementThreads                  = 4                                         {product} {ergonomic}
   size_t G1HeapRegionSize                         = 1048576                                   {product} {ergonomic}
    uintx GCDrainStackTargetSize                   = 64                                        {product} {ergonomic}
   size_t InitialHeapSize                          = 130023424                                 {product} {ergonomic}
   size_t MarkStackSize                            = 4194304                                   {product} {ergonomic}
   size_t MaxHeapSize                              = 2065694720                                {product} {ergonomic}
   size_t MaxNewSize                               = 1239416832                                {product} {ergonomic}
   size_t MinHeapDeltaBytes                        = 1048576                                   {product} {ergonomic}
   size_t MinHeapSize                              = 8388608                                   {product} {ergonomic}
    uintx NonNMethodCodeHeapSize                   = 5832780                                {pd product} {ergonomic}
    uintx NonProfiledCodeHeapSize                  = 122912730                              {pd product} {ergonomic}
    uintx ProfiledCodeHeapSize                     = 122912730                              {pd product} {ergonomic}
    uintx ReservedCodeCacheSize                    = 251658240                              {pd product} {ergonomic}
     bool SegmentedCodeCache                       = true                                      {product} {ergonomic}
   size_t SoftMaxHeapSize                          = 2065694720                             {manageable} {ergonomic}
     bool UseCompressedOops                        = true                           {product lp64_product} {ergonomic}
     bool UseG1GC                                  = true                                      {product} {ergonomic}
     bool UseLargePagesIndividualAllocation        = false                                  {pd product} {ergonomic}

Logging:
Log output configuration:
 #0: stdout all=warning uptime,level,tags foldmultilines=false
 #1: stderr all=off uptime,level,tags foldmultilines=false

Environment Variables:
JAVA_HOME=C:\Program Files\Java\jdk-21.0.1
PATH=C:\Program Files\Common Files\Oracle\Java\javapath;C:\Program Files\Microsoft\jdk-11.0.16.101-hotspot\bin;C:\Windows\system32;C:\Windows;C:\Windows\System32\Wbem;C:\Windows\System32\WindowsPowerShell\v1.0\;C:\Windows\System32\OpenSSH\;C:\php-8.2.6;C:\Program Files\Java\jdk-21.0.1\bin;C:\apache-tomcat-10.1\bin;C:\apache-maven-3.9.6\bin;C:\Program Files\nodejs\;C:\ProgramData\chocolatey\bin;C:\Program Files\Microsoft SQL Server\150\Tools\Binn\;C:\Program Files\Microsoft SQL Server\Client SDK\ODBC\170\Tools\Binn\;C:\Program Files (x86)\Microsoft SQL Server\160\Tools\Binn\;C:\Program Files\Microsoft SQL Server\160\Tools\Binn\;C:\Program Files\Microsoft SQL Server\160\DTS\Binn\;C:\Program Files\Git\cmd;C:\Program Files\dotnet\;C:\Program Files (x86)\Windows Kits\10\Windows Performance Toolkit\;C:\Program Files\MongoDB\Server\7.0\bin;C:\mongosh-2.2.6\bin;C:\Program Files\Inkscape\bin;C:\gradle\bin;C:\Users\Admin\AppData\Local\Microsoft\WindowsApps;C:\Program Files\JetBrains\IntelliJ IDEA 2024.2.2\bin;;C:\Users\Admin\AppData\Roaming\npm;C:\src\flutter\bin;C:\Users\Admin\AppData\Local\Programs\Microsoft VS Code\bin;C:\Users\Admin\.dotnet\tools;C:\Program Files\JetBrains\JetBrains Rider 2024.2.5\bin;
USERNAME=Admin
OS=Windows_NT
PROCESSOR_IDENTIFIER=Intel64 Family 6 Model 60 Stepping 3, GenuineIntel
TMP=C:\Users\Admin\AppData\Local\Temp
TEMP=C:\Users\Admin\AppData\Local\Temp




Periodic native trim disabled

---------------  S Y S T E M  ---------------

OS:
 Windows 10 , 64 bit Build 19041 (10.0.19041.4957)
OS uptime: 4 days 14:12 hours
Hyper-V role detected

CPU: total 4 (initial active 4) (2 cores per cpu, 2 threads per core) family 6 model 60 stepping 3 microcode 0x27, cx8, cmov, fxsr, ht, mmx, sse, sse2, sse3, ssse3, sse4.1, sse4.2, popcnt, lzcnt, tsc, tscinvbit, avx, avx2, aes, erms, clmul, bmi1, bmi2, fma, vzeroupper, clflush, hv, rdtscp, f16c
Processor Information for all 4 processors :
  Max Mhz: 2594, Current Mhz: 2594, Mhz Limit: 2594

Memory: 4k page, system-wide physical 7876M (1166M free)
TotalPageFile size 16192M (AvailPageFile size 5538M)
current process WorkingSet (physical memory assigned to process): 106M, peak: 106M
current process commit charge ("private bytes"): 278M, peak: 278M

vm_info: OpenJDK 64-Bit Server VM (21.0.2+13-58) for windows-amd64 JRE (21.0.2+13-58), built on 2024-01-05T18:32:24Z by "mach5one" with MS VC++ 17.1 (VS2022)

END.
